C:\Users\janko\Desktop\newuser\DevExpressDatabaseStorage\dashboard-extensions\src\dashboard-panel\dashboard-panel.js
C:\Users\janko\Desktop\newuser\DevExpressDatabaseStorage\dashboard-extensions\src\funnel-d3-item\meta.js
C:\Users\janko\Desktop\newuser\DevExpressDatabaseStorage\dashboard-extensions\src\funnel-d3-item\icon.js
C:\Users\janko\Desktop\newuser\DevExpressDatabaseStorage\dashboard-extensions\src\funnel-d3-item\funnel-d3-viewer.js
C:\Users\janko\Desktop\newuser\DevExpressDatabaseStorage\dashboard-extensions\src\funnel-d3-item\funnel-d3-extension.js
C:\Users\janko\Desktop\newuser\DevExpressDatabaseStorage\dashboard-extensions\src\online-map-item\meta.js
C:\Users\janko\Desktop\newuser\DevExpressDatabaseStorage\dashboard-extensions\src\online-map-item\icon.js
C:\Users\janko\Desktop\newuser\DevExpressDatabaseStorage\dashboard-extensions\src\online-map-item\online-map-viewer.js
C:\Users\janko\Desktop\newuser\DevExpressDatabaseStorage\dashboard-extensions\src\online-map-item\online-map-extension.js
C:\Users\janko\Desktop\newuser\DevExpressDatabaseStorage\dashboard-extensions\src\parameter-item\meta.js
C:\Users\janko\Desktop\newuser\DevExpressDatabaseStorage\dashboard-extensions\src\parameter-item\icon.js
C:\Users\janko\Desktop\newuser\DevExpressDatabaseStorage\dashboard-extensions\src\parameter-item\viewer.js
C:\Users\janko\Desktop\newuser\DevExpressDatabaseStorage\dashboard-extensions\src\parameter-item\parameter-item-extension.js
C:\Users\janko\Desktop\newuser\DevExpressDatabaseStorage\dashboard-extensions\src\polar-chart-item\meta.js
C:\Users\janko\Desktop\newuser\DevExpressDatabaseStorage\dashboard-extensions\src\polar-chart-item\icon.js
C:\Users\janko\Desktop\newuser\DevExpressDatabaseStorage\dashboard-extensions\src\polar-chart-item\polar-chart-viewer.js
C:\Users\janko\Desktop\newuser\DevExpressDatabaseStorage\dashboard-extensions\src\polar-chart-item\polar-chart-extension.js
C:\Users\janko\Desktop\newuser\DevExpressDatabaseStorage\dashboard-extensions\src\webpage-item\meta.js
C:\Users\janko\Desktop\newuser\DevExpressDatabaseStorage\dashboard-extensions\src\webpage-item\icon.js
C:\Users\janko\Desktop\newuser\DevExpressDatabaseStorage\dashboard-extensions\src\webpage-item\webpage-viewer.js
C:\Users\janko\Desktop\newuser\DevExpressDatabaseStorage\dashboard-extensions\src\webpage-item\webpage-extension.js
